2022/09/11 01:00:32 [notice] 1#1: using the "epoll" event method
2022/09/11 01:00:32 [notice] 1#1: nginx/1.23.1
2022/09/11 01:00:32 [notice] 1#1: built by gcc 10.2.1 20210110 (Debian 10.2.1-6) 
2022/09/11 01:00:32 [notice] 1#1: OS: Linux 5.10.104-linuxkit
2022/09/11 01:00:32 [notice] 1#1: getrlimit(RLIMIT_NOFILE): 1048576:1048576
2022/09/11 01:00:32 [notice] 1#1: start worker processes
2022/09/11 01:00:32 [notice] 1#1: start worker process 23
2022/09/11 01:00:32 [notice] 1#1: start worker process 24
2022/09/11 01:03:22 [notice] 1#1: signal 3 (SIGQUIT) received, shutting down
2022/09/11 01:03:22 [notice] 23#23: gracefully shutting down
2022/09/11 01:03:22 [notice] 23#23: exiting
2022/09/11 01:03:22 [notice] 24#24: gracefully shutting down
2022/09/11 01:03:22 [notice] 24#24: exiting
2022/09/11 01:03:22 [notice] 23#23: exit
2022/09/11 01:03:22 [notice] 24#24: exit
2022/09/11 01:03:22 [notice] 1#1: signal 17 (SIGCHLD) received from 23
2022/09/11 01:03:22 [notice] 1#1: worker process 23 exited with code 0
2022/09/11 01:03:22 [notice] 1#1: worker process 24 exited with code 0
2022/09/11 01:03:22 [notice] 1#1: exit
2022/09/11 01:12:28 [notice] 1#1: using the "epoll" event method
2022/09/11 01:12:28 [notice] 1#1: nginx/1.23.1
2022/09/11 01:12:28 [notice] 1#1: built by gcc 10.2.1 20210110 (Debian 10.2.1-6) 
2022/09/11 01:12:28 [notice] 1#1: OS: Linux 5.10.104-linuxkit
2022/09/11 01:12:28 [notice] 1#1: getrlimit(RLIMIT_NOFILE): 1048576:1048576
2022/09/11 01:12:28 [notice] 1#1: start worker processes
2022/09/11 01:12:28 [notice] 1#1: start worker process 22
2022/09/11 01:12:28 [notice] 1#1: start worker process 23
2022/09/11 01:42:43 [notice] 1#1: signal 3 (SIGQUIT) received, shutting down
2022/09/11 01:42:43 [notice] 22#22: gracefully shutting down
2022/09/11 01:42:43 [notice] 22#22: exiting
2022/09/11 01:42:43 [notice] 23#23: gracefully shutting down
2022/09/11 01:42:43 [notice] 23#23: exiting
2022/09/11 01:42:43 [notice] 22#22: exit
2022/09/11 01:42:43 [notice] 23#23: exit
2022/09/11 01:42:43 [notice] 1#1: signal 17 (SIGCHLD) received from 23
2022/09/11 01:42:43 [notice] 1#1: worker process 23 exited with code 0
2022/09/11 01:42:43 [notice] 1#1: signal 17 (SIGCHLD) received from 22
2022/09/11 01:42:43 [notice] 1#1: worker process 22 exited with code 0
2022/09/11 01:42:43 [notice] 1#1: exit
2022/09/11 01:42:59 [notice] 1#1: using the "epoll" event method
2022/09/11 01:42:59 [notice] 1#1: nginx/1.23.1
2022/09/11 01:42:59 [notice] 1#1: built by gcc 10.2.1 20210110 (Debian 10.2.1-6) 
2022/09/11 01:42:59 [notice] 1#1: OS: Linux 5.10.104-linuxkit
2022/09/11 01:42:59 [notice] 1#1: getrlimit(RLIMIT_NOFILE): 1048576:1048576
2022/09/11 01:42:59 [notice] 1#1: start worker processes
2022/09/11 01:42:59 [notice] 1#1: start worker process 22
2022/09/11 01:42:59 [notice] 1#1: start worker process 23
2022/09/11 01:53:33 [notice] 23#23: signal 15 (SIGTERM) received, exiting
2022/09/11 01:53:33 [notice] 23#23: exiting
2022/09/11 01:53:33 [notice] 23#23: exit
2022/09/11 01:53:33 [notice] 1#1: signal 15 (SIGTERM) received, exiting
2022/09/11 01:53:33 [notice] 22#22: signal 15 (SIGTERM) received, exiting
2022/09/11 01:53:33 [notice] 22#22: exiting
2022/09/11 01:53:33 [notice] 22#22: exit
2022/09/11 01:53:33 [notice] 1#1: signal 14 (SIGALRM) received
2022/09/11 01:53:33 [notice] 1#1: signal 17 (SIGCHLD) received from 23
2022/09/11 01:53:33 [notice] 1#1: worker process 23 exited with code 0
2022/09/11 01:53:33 [notice] 1#1: worker process 22 exited with code 0
2022/09/11 01:53:33 [notice] 1#1: exit
2022/09/11 01:54:37 [notice] 1#1: using the "epoll" event method
2022/09/11 01:54:37 [notice] 1#1: nginx/1.23.1
2022/09/11 01:54:37 [notice] 1#1: built by gcc 10.2.1 20210110 (Debian 10.2.1-6) 
2022/09/11 01:54:37 [notice] 1#1: OS: Linux 5.10.104-linuxkit
2022/09/11 01:54:37 [notice] 1#1: getrlimit(RLIMIT_NOFILE): 1048576:1048576
2022/09/11 01:54:37 [notice] 1#1: start worker processes
2022/09/11 01:54:37 [notice] 1#1: start worker process 21
2022/09/11 01:54:37 [notice] 1#1: start worker process 22
2022/09/11 02:00:25 [notice] 1#1: signal 3 (SIGQUIT) received, shutting down
2022/09/11 02:00:25 [notice] 22#22: gracefully shutting down
2022/09/11 02:00:25 [notice] 22#22: exiting
2022/09/11 02:00:25 [notice] 22#22: exit
2022/09/11 02:00:25 [notice] 21#21: gracefully shutting down
2022/09/11 02:00:25 [notice] 21#21: exiting
2022/09/11 02:00:25 [notice] 21#21: exit
2022/09/11 02:00:25 [notice] 1#1: signal 17 (SIGCHLD) received from 21
2022/09/11 02:00:25 [notice] 1#1: worker process 21 exited with code 0
2022/09/11 02:00:25 [notice] 1#1: worker process 22 exited with code 0
2022/09/11 02:00:25 [notice] 1#1: exit
